2025-03-10 21:45:28,463 - __main__ - INFO - MySQL表创建成功
2025-03-10 21:45:28,463 - __main__ - INFO - 数据库连接成功
2025-03-10 21:45:28,520 - __main__ - INFO - 已处理 100 条数据
2025-03-10 21:45:28,543 - __main__ - INFO - 已处理 200 条数据
2025-03-10 21:45:28,566 - __main__ - INFO - 已处理 300 条数据
2025-03-10 21:45:28,590 - __main__ - INFO - 已处理 400 条数据
2025-03-10 21:45:28,615 - __main__ - INFO - 已处理 500 条数据
2025-03-10 21:45:28,640 - __main__ - INFO - 已处理 600 条数据
2025-03-10 21:45:28,663 - __main__ - INFO - 已处理 700 条数据
2025-03-10 21:45:28,687 - __main__ - INFO - 已处理 800 条数据
2025-03-10 21:45:28,711 - __main__ - INFO - 已处理 900 条数据
2025-03-10 21:45:28,735 - __main__ - INFO - 已处理 1000 条数据
2025-03-10 21:45:28,757 - __main__ - INFO - 已处理 1100 条数据
2025-03-10 21:45:28,781 - __main__ - INFO - 已处理 1200 条数据
2025-03-10 21:45:28,806 - __main__ - INFO - 已处理 1300 条数据
2025-03-10 21:45:28,831 - __main__ - INFO - 已处理 1400 条数据
2025-03-10 21:45:28,854 - __main__ - INFO - 已处理 1500 条数据
2025-03-10 21:45:28,878 - __main__ - INFO - 已处理 1600 条数据
2025-03-10 21:45:28,903 - __main__ - INFO - 已处理 1700 条数据
2025-03-10 21:45:28,927 - __main__ - INFO - 已处理 1800 条数据
2025-03-10 21:45:28,951 - __main__ - INFO - 已处理 1900 条数据
2025-03-10 21:45:28,973 - __main__ - INFO - 已处理 2000 条数据
2025-03-10 21:45:28,996 - __main__ - INFO - 已处理 2100 条数据
2025-03-10 21:45:29,026 - __main__ - INFO - 已处理 2200 条数据
2025-03-10 21:45:29,050 - __main__ - INFO - 已处理 2300 条数据
2025-03-10 21:45:29,073 - __main__ - INFO - 已处理 2400 条数据
2025-03-10 21:45:29,096 - __main__ - INFO - 已处理 2500 条数据
2025-03-10 21:45:29,120 - __main__ - INFO - 已处理 2600 条数据
2025-03-10 21:45:29,145 - __main__ - INFO - 已处理 2700 条数据
2025-03-10 21:45:29,169 - __main__ - INFO - 已处理 2800 条数据
2025-03-10 21:45:29,192 - __main__ - INFO - 已处理 2900 条数据
2025-03-10 21:45:29,216 - __main__ - INFO - 已处理 3000 条数据
2025-03-10 21:45:29,240 - __main__ - INFO - 已处理 3100 条数据
2025-03-10 21:45:29,264 - __main__ - INFO - 已处理 3200 条数据
2025-03-10 21:45:29,287 - __main__ - INFO - 已处理 3300 条数据
2025-03-10 21:45:29,310 - __main__ - INFO - 已处理 3400 条数据
2025-03-10 21:45:29,332 - __main__ - INFO - 已处理 3500 条数据
2025-03-10 21:45:29,356 - __main__ - INFO - 已处理 3600 条数据
2025-03-10 21:45:29,379 - __main__ - INFO - 已处理 3700 条数据
2025-03-10 21:45:29,403 - __main__ - INFO - 已处理 3800 条数据
2025-03-10 21:45:29,425 - __main__ - INFO - 已处理 3900 条数据
2025-03-10 21:45:29,448 - __main__ - INFO - 已处理 4000 条数据
2025-03-10 21:45:29,472 - __main__ - INFO - 已处理 4100 条数据
2025-03-10 21:45:29,497 - __main__ - INFO - 已处理 4200 条数据
2025-03-10 21:45:29,520 - __main__ - INFO - 已处理 4300 条数据
2025-03-10 21:45:29,544 - __main__ - INFO - 已处理 4400 条数据
2025-03-10 21:45:29,568 - __main__ - INFO - 已处理 4500 条数据
2025-03-10 21:45:29,591 - __main__ - INFO - 已处理 4600 条数据
2025-03-10 21:45:29,616 - __main__ - INFO - 已处理 4700 条数据
2025-03-10 21:45:29,639 - __main__ - INFO - 已处理 4800 条数据
2025-03-10 21:45:29,662 - __main__ - INFO - 已处理 4900 条数据
2025-03-10 21:45:29,686 - __main__ - INFO - 已处理 5000 条数据
2025-03-10 21:45:29,709 - __main__ - INFO - 已处理 5100 条数据
2025-03-10 21:45:29,733 - __main__ - INFO - 已处理 5200 条数据
2025-03-10 21:45:29,757 - __main__ - INFO - 已处理 5300 条数据
2025-03-10 21:45:29,780 - __main__ - INFO - 已处理 5400 条数据
2025-03-10 21:45:29,803 - __main__ - INFO - 已处理 5500 条数据
2025-03-10 21:45:29,828 - __main__ - INFO - 已处理 5600 条数据
2025-03-10 21:45:29,851 - __main__ - INFO - 已处理 5700 条数据
2025-03-10 21:45:29,875 - __main__ - INFO - 已处理 5800 条数据
2025-03-10 21:45:29,897 - __main__ - INFO - 已处理 5900 条数据
2025-03-10 21:45:29,920 - __main__ - INFO - 已处理 6000 条数据
2025-03-10 21:45:29,944 - __main__ - INFO - 已处理 6100 条数据
2025-03-10 21:45:29,964 - __main__ - INFO - 数据处理完成，共处理 4486 条有效数据，1696 条需要进一步分析的数据
2025-03-10 21:45:29,964 - __main__ - INFO - 成功处理 4486 条数据，1696 条数据需要进一步分析
2025-03-10 21:45:29,965 - __main__ - INFO - 数据库连接已关闭
2025-03-10 21:48:37,505 - __main__ - INFO - MySQL表创建成功
2025-03-10 21:48:37,505 - __main__ - INFO - 数据库连接成功
2025-03-10 21:48:37,562 - __main__ - INFO - 已处理 100 条数据
2025-03-10 21:48:37,584 - __main__ - INFO - 已处理 200 条数据
2025-03-10 21:48:37,608 - __main__ - INFO - 已处理 300 条数据
2025-03-10 21:48:37,633 - __main__ - INFO - 已处理 400 条数据
2025-03-10 21:48:37,657 - __main__ - INFO - 已处理 500 条数据
2025-03-10 21:48:37,682 - __main__ - INFO - 已处理 600 条数据
2025-03-10 21:48:37,706 - __main__ - INFO - 已处理 700 条数据
2025-03-10 21:48:37,730 - __main__ - INFO - 已处理 800 条数据
2025-03-10 21:48:37,754 - __main__ - INFO - 已处理 900 条数据
2025-03-10 21:48:37,780 - __main__ - INFO - 已处理 1000 条数据
2025-03-10 21:48:37,805 - __main__ - INFO - 已处理 1100 条数据
2025-03-10 21:48:37,829 - __main__ - INFO - 已处理 1200 条数据
2025-03-10 21:48:37,853 - __main__ - INFO - 已处理 1300 条数据
2025-03-10 21:48:37,876 - __main__ - INFO - 已处理 1400 条数据
2025-03-10 21:48:37,901 - __main__ - INFO - 已处理 1500 条数据
2025-03-10 21:48:37,925 - __main__ - INFO - 已处理 1600 条数据
2025-03-10 21:48:37,950 - __main__ - INFO - 已处理 1700 条数据
2025-03-10 21:48:37,976 - __main__ - INFO - 已处理 1800 条数据
2025-03-10 21:48:37,999 - __main__ - INFO - 已处理 1900 条数据
2025-03-10 21:48:38,024 - __main__ - INFO - 已处理 2000 条数据
2025-03-10 21:48:38,048 - __main__ - INFO - 已处理 2100 条数据
2025-03-10 21:48:38,072 - __main__ - INFO - 已处理 2200 条数据
2025-03-10 21:48:38,095 - __main__ - INFO - 已处理 2300 条数据
2025-03-10 21:48:38,119 - __main__ - INFO - 已处理 2400 条数据
2025-03-10 21:48:38,145 - __main__ - INFO - 已处理 2500 条数据
2025-03-10 21:48:38,167 - __main__ - INFO - 已处理 2600 条数据
2025-03-10 21:48:38,193 - __main__ - INFO - 已处理 2700 条数据
2025-03-10 21:48:38,215 - __main__ - INFO - 已处理 2800 条数据
2025-03-10 21:48:38,240 - __main__ - INFO - 已处理 2900 条数据
2025-03-10 21:48:38,264 - __main__ - INFO - 已处理 3000 条数据
2025-03-10 21:48:38,287 - __main__ - INFO - 已处理 3100 条数据
2025-03-10 21:48:38,310 - __main__ - INFO - 已处理 3200 条数据
2025-03-10 21:48:38,335 - __main__ - INFO - 已处理 3300 条数据
2025-03-10 21:48:38,358 - __main__ - INFO - 已处理 3400 条数据
2025-03-10 21:48:38,382 - __main__ - INFO - 已处理 3500 条数据
2025-03-10 21:48:38,404 - __main__ - INFO - 已处理 3600 条数据
2025-03-10 21:48:38,428 - __main__ - INFO - 已处理 3700 条数据
2025-03-10 21:48:38,452 - __main__ - INFO - 已处理 3800 条数据
2025-03-10 21:48:38,476 - __main__ - INFO - 已处理 3900 条数据
2025-03-10 21:48:38,500 - __main__ - INFO - 已处理 4000 条数据
2025-03-10 21:48:38,523 - __main__ - INFO - 已处理 4100 条数据
2025-03-10 21:48:38,546 - __main__ - INFO - 已处理 4200 条数据
2025-03-10 21:48:38,571 - __main__ - INFO - 已处理 4300 条数据
2025-03-10 21:48:38,594 - __main__ - INFO - 已处理 4400 条数据
2025-03-10 21:48:38,618 - __main__ - INFO - 已处理 4500 条数据
2025-03-10 21:48:38,642 - __main__ - INFO - 已处理 4600 条数据
2025-03-10 21:48:38,666 - __main__ - INFO - 已处理 4700 条数据
2025-03-10 21:48:38,691 - __main__ - INFO - 已处理 4800 条数据
2025-03-10 21:48:38,715 - __main__ - INFO - 已处理 4900 条数据
2025-03-10 21:48:38,739 - __main__ - INFO - 已处理 5000 条数据
2025-03-10 21:48:38,763 - __main__ - INFO - 已处理 5100 条数据
2025-03-10 21:48:38,787 - __main__ - INFO - 已处理 5200 条数据
2025-03-10 21:48:38,811 - __main__ - INFO - 已处理 5300 条数据
2025-03-10 21:48:38,835 - __main__ - INFO - 已处理 5400 条数据
2025-03-10 21:48:38,859 - __main__ - INFO - 已处理 5500 条数据
2025-03-10 21:48:38,883 - __main__ - INFO - 已处理 5600 条数据
2025-03-10 21:48:38,906 - __main__ - INFO - 已处理 5700 条数据
2025-03-10 21:48:38,931 - __main__ - INFO - 已处理 5800 条数据
2025-03-10 21:48:38,954 - __main__ - INFO - 已处理 5900 条数据
2025-03-10 21:48:38,979 - __main__ - INFO - 已处理 6000 条数据
2025-03-10 21:48:39,003 - __main__ - INFO - 已处理 6100 条数据
2025-03-10 21:48:39,023 - __main__ - INFO - 数据处理完成，共处理 4486 条有效数据，1696 条需要进一步分析的数据
2025-03-10 21:48:39,024 - __main__ - INFO - 成功处理 4486 条数据，1696 条数据需要进一步分析
2025-03-10 21:48:39,025 - __main__ - INFO - 数据库连接已关闭
2025-03-11 00:10:45,091 - __main__ - INFO - MySQL表创建成功
2025-03-11 00:10:45,092 - __main__ - INFO - 数据库连接成功
2025-03-11 00:10:45,468 - __main__ - INFO - 已处理 100 条数据
2025-03-11 00:10:45,492 - __main__ - INFO - 已处理 200 条数据
2025-03-11 00:10:45,518 - __main__ - INFO - 已处理 300 条数据
2025-03-11 00:10:45,542 - __main__ - INFO - 已处理 400 条数据
2025-03-11 00:10:45,565 - __main__ - INFO - 已处理 500 条数据
2025-03-11 00:10:45,589 - __main__ - INFO - 已处理 600 条数据
2025-03-11 00:10:45,612 - __main__ - INFO - 已处理 700 条数据
2025-03-11 00:10:45,636 - __main__ - INFO - 已处理 800 条数据
2025-03-11 00:10:45,659 - __main__ - INFO - 已处理 900 条数据
2025-03-11 00:10:45,685 - __main__ - INFO - 已处理 1000 条数据
2025-03-11 00:10:45,707 - __main__ - INFO - 已处理 1100 条数据
2025-03-11 00:10:45,730 - __main__ - INFO - 已处理 1200 条数据
2025-03-11 00:10:45,753 - __main__ - INFO - 已处理 1300 条数据
2025-03-11 00:10:45,777 - __main__ - INFO - 已处理 1400 条数据
2025-03-11 00:10:45,800 - __main__ - INFO - 已处理 1500 条数据
2025-03-11 00:10:45,824 - __main__ - INFO - 已处理 1600 条数据
2025-03-11 00:10:45,847 - __main__ - INFO - 已处理 1700 条数据
2025-03-11 00:10:45,872 - __main__ - INFO - 已处理 1800 条数据
2025-03-11 00:10:45,897 - __main__ - INFO - 已处理 1900 条数据
2025-03-11 00:10:45,921 - __main__ - INFO - 已处理 2000 条数据
2025-03-11 00:10:45,944 - __main__ - INFO - 已处理 2100 条数据
2025-03-11 00:10:45,969 - __main__ - INFO - 已处理 2200 条数据
2025-03-11 00:10:45,992 - __main__ - INFO - 已处理 2300 条数据
2025-03-11 00:10:46,015 - __main__ - INFO - 已处理 2400 条数据
2025-03-11 00:10:46,039 - __main__ - INFO - 已处理 2500 条数据
2025-03-11 00:10:46,062 - __main__ - INFO - 已处理 2600 条数据
2025-03-11 00:10:46,086 - __main__ - INFO - 已处理 2700 条数据
2025-03-11 00:10:46,110 - __main__ - INFO - 已处理 2800 条数据
2025-03-11 00:10:46,133 - __main__ - INFO - 已处理 2900 条数据
2025-03-11 00:10:46,157 - __main__ - INFO - 已处理 3000 条数据
2025-03-11 00:10:46,180 - __main__ - INFO - 已处理 3100 条数据
2025-03-11 00:10:46,204 - __main__ - INFO - 已处理 3200 条数据
2025-03-11 00:10:46,228 - __main__ - INFO - 已处理 3300 条数据
2025-03-11 00:10:46,251 - __main__ - INFO - 已处理 3400 条数据
2025-03-11 00:10:46,274 - __main__ - INFO - 已处理 3500 条数据
2025-03-11 00:10:46,298 - __main__ - INFO - 已处理 3600 条数据
2025-03-11 00:10:46,321 - __main__ - INFO - 已处理 3700 条数据
2025-03-11 00:10:46,345 - __main__ - INFO - 已处理 3800 条数据
2025-03-11 00:10:46,368 - __main__ - INFO - 已处理 3900 条数据
2025-03-11 00:10:46,391 - __main__ - INFO - 已处理 4000 条数据
2025-03-11 00:10:46,415 - __main__ - INFO - 已处理 4100 条数据
2025-03-11 00:10:46,438 - __main__ - INFO - 已处理 4200 条数据
2025-03-11 00:10:46,460 - __main__ - INFO - 已处理 4300 条数据
2025-03-11 00:10:46,484 - __main__ - INFO - 已处理 4400 条数据
2025-03-11 00:10:46,507 - __main__ - INFO - 已处理 4500 条数据
2025-03-11 00:10:46,530 - __main__ - INFO - 已处理 4600 条数据
2025-03-11 00:10:46,554 - __main__ - INFO - 已处理 4700 条数据
2025-03-11 00:10:46,577 - __main__ - INFO - 已处理 4800 条数据
2025-03-11 00:10:46,600 - __main__ - INFO - 已处理 4900 条数据
2025-03-11 00:10:46,624 - __main__ - INFO - 已处理 5000 条数据
2025-03-11 00:10:46,647 - __main__ - INFO - 已处理 5100 条数据
2025-03-11 00:10:46,671 - __main__ - INFO - 已处理 5200 条数据
2025-03-11 00:10:46,694 - __main__ - INFO - 已处理 5300 条数据
2025-03-11 00:10:46,717 - __main__ - INFO - 已处理 5400 条数据
2025-03-11 00:10:46,740 - __main__ - INFO - 已处理 5500 条数据
2025-03-11 00:10:46,777 - __main__ - INFO - 已处理 5600 条数据
2025-03-11 00:10:46,800 - __main__ - INFO - 已处理 5700 条数据
2025-03-11 00:10:46,824 - __main__ - INFO - 已处理 5800 条数据
2025-03-11 00:10:46,847 - __main__ - INFO - 已处理 5900 条数据
2025-03-11 00:10:46,872 - __main__ - INFO - 已处理 6000 条数据
2025-03-11 00:10:46,896 - __main__ - INFO - 已处理 6100 条数据
2025-03-11 00:10:46,914 - __main__ - INFO - 数据处理完成，共处理 4992 条有效数据，1190 条需要进一步分析的数据
2025-03-11 00:10:46,915 - __main__ - INFO - 成功处理 4992 条数据，1190 条数据需要进一步分析
2025-03-11 00:10:46,917 - __main__ - INFO - 数据库连接已关闭
2025-03-11 00:32:29,296 - __main__ - INFO - MySQL表创建成功
2025-03-11 00:32:29,296 - __main__ - INFO - 数据库连接成功
2025-03-11 00:32:29,354 - __main__ - INFO - 已处理 100 条数据
2025-03-11 00:32:29,379 - __main__ - INFO - 已处理 200 条数据
2025-03-11 00:32:29,403 - __main__ - INFO - 已处理 300 条数据
2025-03-11 00:32:29,428 - __main__ - INFO - 已处理 400 条数据
2025-03-11 00:32:29,452 - __main__ - INFO - 已处理 500 条数据
2025-03-11 00:32:29,475 - __main__ - INFO - 已处理 600 条数据
2025-03-11 00:32:29,499 - __main__ - INFO - 已处理 700 条数据
2025-03-11 00:32:29,523 - __main__ - INFO - 已处理 800 条数据
2025-03-11 00:32:29,546 - __main__ - INFO - 已处理 900 条数据
2025-03-11 00:32:29,570 - __main__ - INFO - 已处理 1000 条数据
2025-03-11 00:32:29,593 - __main__ - INFO - 已处理 1100 条数据
2025-03-11 00:32:29,621 - __main__ - INFO - 已处理 1200 条数据
2025-03-11 00:32:29,645 - __main__ - INFO - 已处理 1300 条数据
2025-03-11 00:32:29,669 - __main__ - INFO - 已处理 1400 条数据
2025-03-11 00:32:29,694 - __main__ - INFO - 已处理 1500 条数据
2025-03-11 00:32:29,719 - __main__ - INFO - 已处理 1600 条数据
2025-03-11 00:32:29,745 - __main__ - INFO - 已处理 1700 条数据
2025-03-11 00:32:29,771 - __main__ - INFO - 已处理 1800 条数据
2025-03-11 00:32:29,795 - __main__ - INFO - 已处理 1900 条数据
2025-03-11 00:32:29,820 - __main__ - INFO - 已处理 2000 条数据
2025-03-11 00:32:29,844 - __main__ - INFO - 已处理 2100 条数据
2025-03-11 00:32:29,868 - __main__ - INFO - 已处理 2200 条数据
2025-03-11 00:32:29,892 - __main__ - INFO - 已处理 2300 条数据
2025-03-11 00:32:29,916 - __main__ - INFO - 已处理 2400 条数据
2025-03-11 00:32:29,939 - __main__ - INFO - 已处理 2500 条数据
2025-03-11 00:32:29,964 - __main__ - INFO - 已处理 2600 条数据
2025-03-11 00:32:29,987 - __main__ - INFO - 已处理 2700 条数据
2025-03-11 00:32:30,011 - __main__ - INFO - 已处理 2800 条数据
2025-03-11 00:32:30,034 - __main__ - INFO - 已处理 2900 条数据
2025-03-11 00:32:30,058 - __main__ - INFO - 已处理 3000 条数据
2025-03-11 00:32:30,084 - __main__ - INFO - 已处理 3100 条数据
2025-03-11 00:32:30,108 - __main__ - INFO - 已处理 3200 条数据
2025-03-11 00:32:30,133 - __main__ - INFO - 已处理 3300 条数据
2025-03-11 00:32:30,157 - __main__ - INFO - 已处理 3400 条数据
2025-03-11 00:32:30,181 - __main__ - INFO - 已处理 3500 条数据
2025-03-11 00:32:30,205 - __main__ - INFO - 已处理 3600 条数据
2025-03-11 00:32:30,229 - __main__ - INFO - 已处理 3700 条数据
2025-03-11 00:32:30,252 - __main__ - INFO - 已处理 3800 条数据
2025-03-11 00:32:30,276 - __main__ - INFO - 已处理 3900 条数据
2025-03-11 00:32:30,299 - __main__ - INFO - 已处理 4000 条数据
2025-03-11 00:32:30,324 - __main__ - INFO - 已处理 4100 条数据
2025-03-11 00:32:30,347 - __main__ - INFO - 已处理 4200 条数据
2025-03-11 00:32:30,371 - __main__ - INFO - 已处理 4300 条数据
2025-03-11 00:32:30,396 - __main__ - INFO - 已处理 4400 条数据
2025-03-11 00:32:30,421 - __main__ - INFO - 已处理 4500 条数据
2025-03-11 00:32:30,445 - __main__ - INFO - 已处理 4600 条数据
2025-03-11 00:32:30,469 - __main__ - INFO - 已处理 4700 条数据
2025-03-11 00:32:30,493 - __main__ - INFO - 已处理 4800 条数据
2025-03-11 00:32:30,517 - __main__ - INFO - 已处理 4900 条数据
2025-03-11 00:32:30,541 - __main__ - INFO - 已处理 5000 条数据
2025-03-11 00:32:30,566 - __main__ - INFO - 已处理 5100 条数据
2025-03-11 00:32:30,592 - __main__ - INFO - 已处理 5200 条数据
2025-03-11 00:32:30,617 - __main__ - INFO - 已处理 5300 条数据
2025-03-11 00:32:30,642 - __main__ - INFO - 已处理 5400 条数据
2025-03-11 00:32:30,667 - __main__ - INFO - 已处理 5500 条数据
2025-03-11 00:32:30,690 - __main__ - INFO - 已处理 5600 条数据
2025-03-11 00:32:30,715 - __main__ - INFO - 已处理 5700 条数据
2025-03-11 00:32:30,740 - __main__ - INFO - 已处理 5800 条数据
2025-03-11 00:32:30,765 - __main__ - INFO - 已处理 5900 条数据
2025-03-11 00:32:30,789 - __main__ - INFO - 已处理 6000 条数据
2025-03-11 00:32:30,813 - __main__ - INFO - 已处理 6100 条数据
2025-03-11 00:32:30,835 - __main__ - INFO - 数据处理完成，共处理 5325 条有效数据，857 条需要进一步分析的数据
2025-03-11 00:32:30,835 - __main__ - INFO - 成功处理 5325 条数据，857 条数据需要进一步分析
2025-03-11 00:32:30,836 - __main__ - INFO - 数据库连接已关闭
