2025-03-02 23:52:39 [scrapy.utils.log] INFO: Scrapy 2.12.0 started (bot: mafengwo)
2025-03-02 23:52:39 [scrapy.utils.log] INFO: Versions: lxml 5.3.1.0, libxml2 2.11.7, cssselect 1.2.0, parsel 1.10.0, w3lib 2.3.1, Twisted 24.11.0, Python 3.13.2 (tags/v3.13.2:4f8bb39, Feb  4 2025, 15:23:48) [MSC v.1942 64 bit (AMD64)], pyOpenSSL 25.0.0 (OpenSSL 3.4.1 11 Feb 2025), cryptography 44.0.1, Platform Windows-11-10.0.26100-SP0
2025-03-02 23:52:39 [china_attractions_db] INFO: 爬虫初始化: 节点ID=node1, 是否主节点=True
2025-03-02 23:52:39 [china_attractions_db] INFO: Redis连接成功初始化，连接到 localhost
2025-03-02 23:52:39 [china_attractions_db] INFO: 作为主节点初始化队列
2025-03-02 23:52:39 [china_attractions_db] INFO: 已加载断点续爬检查点: 2025-03-02 23:51:58
2025-03-02 23:52:39 [china_attractions_db] INFO: 已从断点恢复爬虫状态
2025-03-02 23:52:39 [china_attractions_db] INFO: 已保存爬虫状态: started
2025-03-02 23:52:39 [china_attractions_db] INFO: 已启动定期保存检查点线程，间隔: 300秒
2025-03-02 23:52:39 [scrapy.addons] INFO: Enabled addons:
[]
2025-03-02 23:52:39 [scrapy.extensions.telnet] INFO: Telnet Password: 4ac3cd5021ac1cf7
2025-03-02 23:52:39 [py.warnings] WARNING: C:\Users\31432\AppData\Local\Programs\Python\Python313\Lib\site-packages\scrapy\extensions\feedexport.py:432: ScrapyDeprecationWarning: The `FEED_URI` and `FEED_FORMAT` settings have been deprecated in favor of the `FEEDS` setting. Please see the `FEEDS` setting docs for more details
  exporter = cls(crawler)

2025-03-02 23:52:39 [scrapy.middleware] INFO: Enabled extensions:
['scrapy.extensions.corestats.CoreStats',
 'scrapy.extensions.telnet.TelnetConsole',
 'scrapy.extensions.feedexport.FeedExporter',
 'scrapy.extensions.logstats.LogStats',
 'scrapy.extensions.spiderstate.SpiderState',
 'scrapy.extensions.throttle.AutoThrottle']
2025-03-02 23:52:39 [scrapy.crawler] INFO: Overridden settings:
{'AUTOTHROTTLE_ENABLED': True,
 'BOT_NAME': 'mafengwo',
 'CONCURRENT_REQUESTS': 1,
 'DOWNLOAD_DELAY': 5,
 'DOWNLOAD_FAIL_ON_DATALOSS': False,
 'DOWNLOAD_TIMEOUT': 60,
 'DUPEFILTER_CLASS': 'scrapy_redis.dupefilter.RFPDupeFilter',
 'FEED_EXPORT_ENCODING': 'utf-8',
 'FEED_EXPORT_INDENT': 4,
 'JOBDIR': 'crawls/china_attractions_db_node1',
 'LOG_FILE': 'logs/china_attractions_db_node1_20250302_235238.log',
 'LOG_LEVEL': 'INFO',
 'NEWSPIDER_MODULE': 'mafengwo.spiders',
 'RETRY_HTTP_CODES': [500, 502, 503, 504, 522, 524, 408, 202],
 'RETRY_TIMES': 5,
 'SCHEDULER': 'scrapy_redis.scheduler.Scheduler',
 'SPIDER_MODULES': ['mafengwo.spiders'],
 'TWISTED_REACTOR': 'twisted.internet.asyncioreactor.AsyncioSelectorReactor',
 'USER_AGENT': 'Mozilla/5.0 (Windows NT 10.0; Win64; x64) AppleWebKit/537.36 '
               '(KHTML, like Gecko) Chrome/133.0.0.0 Safari/537.36 '
               'Edg/133.0.0.0'}
2025-03-02 23:52:40 [scrapy.middleware] INFO: Enabled downloader middlewares:
['scrapy.downloadermiddlewares.offsite.OffsiteMiddleware',
 'scrapy.downloadermiddlewares.httpauth.HttpAuthMiddleware',
 'scrapy.downloadermiddlewares.downloadtimeout.DownloadTimeoutMiddleware',
 'scrapy.downloadermiddlewares.defaultheaders.DefaultHeadersMiddleware',
 'mafengwo.middlewares.RandomUserAgentMiddleware',
 'mafengwo.middlewares.RandomDelayMiddleware',
 'scrapy.downloadermiddlewares.retry.RetryMiddleware',
 'scrapy.downloadermiddlewares.redirect.MetaRefreshMiddleware',
 'scrapy.downloadermiddlewares.httpcompression.HttpCompressionMiddleware',
 'scrapy.downloadermiddlewares.redirect.RedirectMiddleware',
 'scrapy.downloadermiddlewares.cookies.CookiesMiddleware',
 'scrapy.downloadermiddlewares.httpproxy.HttpProxyMiddleware',
 'scrapy.downloadermiddlewares.stats.DownloaderStats']
2025-03-02 23:52:40 [scrapy.middleware] INFO: Enabled spider middlewares:
['scrapy.spidermiddlewares.httperror.HttpErrorMiddleware',
 'scrapy.spidermiddlewares.referer.RefererMiddleware',
 'scrapy.spidermiddlewares.urllength.UrlLengthMiddleware',
 'scrapy.spidermiddlewares.depth.DepthMiddleware']
2025-03-02 23:52:40 [scrapy.middleware] INFO: Enabled item pipelines:
['scrapy_redis.pipelines.RedisPipeline']
2025-03-02 23:52:40 [china_attractions_db] INFO: 当前队列状态:
2025-03-02 23:52:40 [china_attractions_db] INFO: 城市列表页URL队列: 1
2025-03-02 23:52:40 [china_attractions_db] INFO: 景点列表页URL队列: 0
2025-03-02 23:52:40 [china_attractions_db] INFO: 详情页URL队列: 0
2025-03-02 23:52:40 [china_attractions_db] INFO: 发现 1 个城市列表页URL，开始处理
2025-03-02 23:52:40 [china_attractions_db] INFO: 处理城市列表页: https://www.mafengwo.cn/mdd/
2025-03-02 23:52:40 [china_attractions_db] INFO: 开始爬取城市列表
2025-03-02 23:53:04 [china_attractions_db] INFO: 已将城市 北京 的景点列表页URL添加到队列: https://www.mafengwo.cn/jd/10065/gonglve.html
2025-03-02 23:53:04 [china_attractions_db] INFO: 已将城市 上海 的景点列表页URL添加到队列: https://www.mafengwo.cn/jd/10099/gonglve.html
2025-03-02 23:53:04 [china_attractions_db] INFO: 已将城市 重庆 的景点列表页URL添加到队列: https://www.mafengwo.cn/jd/10208/gonglve.html
2025-03-02 23:53:04 [china_attractions_db] INFO: 已将城市 天津 的景点列表页URL添加到队列: https://www.mafengwo.cn/jd/10320/gonglve.html
2025-03-02 23:53:04 [china_attractions_db] INFO: 在div[1]中找到 6 个省份dl元素
2025-03-02 23:53:04 [china_attractions_db] INFO: 已将省份 云南 的景点列表页URL添加到队列: https://www.mafengwo.cn/jd/12711/gonglve.html
2025-03-02 23:53:04 [china_attractions_db] INFO: 已将省份 四川 的景点列表页URL添加到队列: https://www.mafengwo.cn/jd/12703/gonglve.html
2025-03-02 23:53:04 [china_attractions_db] INFO: 已将省份 浙江 的景点列表页URL添加到队列: https://www.mafengwo.cn/jd/14575/gonglve.html
2025-03-02 23:53:04 [china_attractions_db] INFO: 已将省份 海南 的景点列表页URL添加到队列: https://www.mafengwo.cn/jd/12938/gonglve.html
2025-03-02 23:53:04 [china_attractions_db] INFO: 已将省份 福建 的景点列表页URL添加到队列: https://www.mafengwo.cn/jd/12871/gonglve.html
2025-03-02 23:53:04 [china_attractions_db] INFO: 已将省份 江苏 的景点列表页URL添加到队列: https://www.mafengwo.cn/jd/14387/gonglve.html
2025-03-02 23:53:04 [china_attractions_db] INFO: 已将省份 广东 的景点列表页URL添加到队列: https://www.mafengwo.cn/jd/14674/gonglve.html
2025-03-02 23:53:04 [china_attractions_db] INFO: 已将省份 广西 的景点列表页URL添加到队列: https://www.mafengwo.cn/jd/12810/gonglve.html
2025-03-02 23:53:04 [china_attractions_db] INFO: 在div[2]中找到 6 个省份dl元素
2025-03-02 23:53:04 [china_attractions_db] INFO: 已将省份 西北 的景点列表页URL添加到队列: https://www.mafengwo.cn/jd/31808/gonglve.html
2025-03-02 23:53:04 [china_attractions_db] INFO: 已将省份 山东 的景点列表页URL添加到队列: https://www.mafengwo.cn/jd/12976/gonglve.html
2025-03-02 23:53:04 [china_attractions_db] INFO: 已将省份 山西 的景点列表页URL添加到队列: https://www.mafengwo.cn/jd/13033/gonglve.html
2025-03-02 23:53:04 [china_attractions_db] INFO: 已将省份 湖南 的景点列表页URL添加到队列: https://www.mafengwo.cn/jd/13732/gonglve.html
2025-03-02 23:53:04 [china_attractions_db] INFO: 已将省份 湖北 的景点列表页URL添加到队列: https://www.mafengwo.cn/jd/14731/gonglve.html
2025-03-02 23:53:04 [china_attractions_db] INFO: 已将省份 安徽 的景点列表页URL添加到队列: https://www.mafengwo.cn/jd/12719/gonglve.html
2025-03-02 23:53:04 [china_attractions_db] INFO: 已将省份 江西 的景点列表页URL添加到队列: https://www.mafengwo.cn/jd/15508/gonglve.html
2025-03-02 23:53:04 [china_attractions_db] INFO: 已将省份 河北 的景点列表页URL添加到队列: https://www.mafengwo.cn/jd/14407/gonglve.html
2025-03-02 23:53:04 [china_attractions_db] INFO: 已将省份 河南 的景点列表页URL添加到队列: https://www.mafengwo.cn/jd/12967/gonglve.html
2025-03-02 23:53:04 [china_attractions_db] INFO: 已将省份 内蒙古 的景点列表页URL添加到队列: https://www.mafengwo.cn/jd/12720/gonglve.html
2025-03-02 23:53:04 [china_attractions_db] INFO: 已将省份 东北 的景点列表页URL添加到队列: https://www.mafengwo.cn/jd/16215/gonglve.html
2025-03-02 23:53:04 [china_attractions_db] INFO: 总共解析了 19 个省份
2025-03-02 23:53:04 [china_attractions_db] WARNING: 未能找到任何热门城市元素
2025-03-02 23:53:07 [china_attractions_db] INFO: 处理景点列表页: https://www.mafengwo.cn/jd/10065/gonglve.html
2025-03-02 23:53:07 [china_attractions_db] INFO: 开始爬取 未知城市 的景点列表
2025-03-02 23:53:31 [china_attractions_db] INFO: 正在爬取 未知城市 的第 1 页景点列表
2025-03-02 23:53:31 [china_attractions_db] INFO: 成功找到 15 个景点元素
2025-03-02 23:53:32 [china_attractions_db] INFO: 已将景点详情页URL添加到队列: https://www.mafengwo.cn/poi/3474.html
2025-03-02 23:53:32 [china_attractions_db] INFO: 已将景点详情页URL添加到队列: https://www.mafengwo.cn/poi/3519.html
2025-03-02 23:53:33 [china_attractions_db] INFO: 已将景点详情页URL添加到队列: https://www.mafengwo.cn/poi/3498.html
2025-03-02 23:53:33 [china_attractions_db] INFO: 已将景点详情页URL添加到队列: https://www.mafengwo.cn/poi/3503.html
2025-03-02 23:53:34 [china_attractions_db] INFO: 已将景点详情页URL添加到队列: https://www.mafengwo.cn/poi/3557.html
2025-03-02 23:53:34 [china_attractions_db] INFO: 已将景点详情页URL添加到队列: https://www.mafengwo.cn/poi/6427.html
2025-03-02 23:53:35 [china_attractions_db] INFO: 已将景点详情页URL添加到队列: https://www.mafengwo.cn/poi/3563.html
2025-03-02 23:53:36 [china_attractions_db] INFO: 已将景点详情页URL添加到队列: https://www.mafengwo.cn/poi/3562.html
2025-03-02 23:53:36 [china_attractions_db] INFO: 已将景点详情页URL添加到队列: https://www.mafengwo.cn/poi/3511.html
2025-03-02 23:53:37 [china_attractions_db] INFO: 已将景点详情页URL添加到队列: https://www.mafengwo.cn/poi/3506.html
2025-03-02 23:53:37 [china_attractions_db] INFO: 已将景点详情页URL添加到队列: https://www.mafengwo.cn/poi/3812.html
2025-03-02 23:53:38 [china_attractions_db] INFO: 已将景点详情页URL添加到队列: https://www.mafengwo.cn/poi/21100.html
2025-03-02 23:53:38 [china_attractions_db] INFO: 已将景点详情页URL添加到队列: https://www.mafengwo.cn/poi/3472.html
2025-03-02 23:53:39 [china_attractions_db] INFO: 已将景点详情页URL添加到队列: https://www.mafengwo.cn/poi/10123.html
2025-03-02 23:53:39 [china_attractions_db] INFO: 已将景点详情页URL添加到队列: https://www.mafengwo.cn/poi/7689422.html
2025-03-02 23:53:43 [china_attractions_db] ERROR: 点击'后一页'按钮失败: Message: element click intercepted: Element <a class="pi pg-next" data-page="2" rel="nofollow" title="...">后一页</a> is not clickable at point (829, 20). Other element would receive the click: <i class="navbar-icon"></i>
  (Session info: MicrosoftEdge=133.0.3065.92)
Stacktrace:
	GetHandleVerifier [0x00007FF6C10FE735+13397]
	Microsoft::Applications::Events::EventProperty::empty [0x00007FF6C138B1B4+2060276]
	Microsoft::Applications::Events::EventProperty::empty [0x00007FF6C12E2338+1368440]
	(No symbol) [0x00007FF6C0ED9CDA]
	(No symbol) [0x00007FF6C0ED7CA2]
	(No symbol) [0x00007FF6C0ED5732]
	(No symbol) [0x00007FF6C0ED490E]
	(No symbol) [0x00007FF6C0EC9CBE]
	(No symbol) [0x00007FF6C0EF425A]
	(No symbol) [0x00007FF6C0EC964D]
	(No symbol) [0x00007FF6C0EC950D]
	(No symbol) [0x00007FF6C0EF4520]
	(No symbol) [0x00007FF6C0EC964D]
	(No symbol) [0x00007FF6C0F11C00]
	(No symbol) [0x00007FF6C0EF3FC3]
	(No symbol) [0x00007FF6C0EC8B96]
	(No symbol) [0x00007FF6C0EC7E50]
	(No symbol) [0x00007FF6C0EC89C3]
	(No symbol) [0x00007FF6C0F50214]
	(No symbol) [0x00007FF6C0FE06CF]
	(No symbol) [0x00007FF6C0F53A53]
	Microsoft::Applications::Events::EventProperty::to_string [0x00007FF6C14445BD+279981]
	simdutf::get_active_implementation [0x00007FF6C10878C1+409457]
	simdutf::get_active_implementation [0x00007FF6C1082BA4+389716]
	simdutf::get_active_implementation [0x00007FF6C1082CE9+390041]
	simdutf::get_active_implementation [0x00007FF6C10762E6+338326]
	BaseThreadInitThunk [0x00007FFDB4DAE8D7+23]
	RtlUserThreadStart [0x00007FFDB60BBF2C+44]

2025-03-02 23:53:48 [china_attractions_db] INFO: 正在爬取 未知城市 的第 2 页景点列表
2025-03-02 23:53:48 [china_attractions_db] INFO: 成功找到 15 个景点元素
2025-03-02 23:53:49 [china_attractions_db] INFO: 已将景点详情页URL添加到队列: https://www.mafengwo.cn/poi/3516.html
2025-03-02 23:53:49 [china_attractions_db] INFO: 已将景点详情页URL添加到队列: https://www.mafengwo.cn/poi/3746.html
2025-03-02 23:53:50 [china_attractions_db] INFO: 已将景点详情页URL添加到队列: https://www.mafengwo.cn/poi/10220.html
2025-03-02 23:53:50 [china_attractions_db] INFO: 已将景点详情页URL添加到队列: https://www.mafengwo.cn/poi/3517.html
2025-03-02 23:53:51 [china_attractions_db] INFO: 已将景点详情页URL添加到队列: https://www.mafengwo.cn/poi/34665.html
2025-03-02 23:53:51 [china_attractions_db] INFO: 已将景点详情页URL添加到队列: https://www.mafengwo.cn/poi/3745.html
2025-03-02 23:53:52 [china_attractions_db] INFO: 已将景点详情页URL添加到队列: https://www.mafengwo.cn/poi/7731162.html
2025-03-02 23:53:52 [china_attractions_db] INFO: 已将景点详情页URL添加到队列: https://www.mafengwo.cn/poi/3466.html
2025-03-02 23:53:53 [china_attractions_db] INFO: 已将景点详情页URL添加到队列: https://www.mafengwo.cn/poi/3936.html
2025-03-02 23:53:53 [china_attractions_db] INFO: 已将景点详情页URL添加到队列: https://www.mafengwo.cn/poi/77946.html
2025-03-02 23:53:54 [china_attractions_db] INFO: 已将景点详情页URL添加到队列: https://www.mafengwo.cn/poi/3526.html
2025-03-02 23:53:54 [china_attractions_db] INFO: 已将景点详情页URL添加到队列: https://www.mafengwo.cn/poi/10124.html
2025-03-02 23:53:55 [china_attractions_db] INFO: 已将景点详情页URL添加到队列: https://www.mafengwo.cn/poi/4430.html
2025-03-02 23:53:56 [china_attractions_db] INFO: 已将景点详情页URL添加到队列: https://www.mafengwo.cn/poi/4089.html
2025-03-02 23:53:56 [china_attractions_db] INFO: 已将景点详情页URL添加到队列: https://www.mafengwo.cn/poi/3560.html
2025-03-02 23:53:59 [china_attractions_db] ERROR: 点击'后一页'按钮失败: Message: element click intercepted: Element <a class="pi pg-next" data-page="3" rel="nofollow" title="...">后一页</a> is not clickable at point (829, 20). Other element would receive the click: <i class="navbar-icon"></i>
  (Session info: MicrosoftEdge=133.0.3065.92)
Stacktrace:
	GetHandleVerifier [0x00007FF6C10FE735+13397]
	Microsoft::Applications::Events::EventProperty::empty [0x00007FF6C138B1B4+2060276]
	Microsoft::Applications::Events::EventProperty::empty [0x00007FF6C12E2338+1368440]
	(No symbol) [0x00007FF6C0ED9CDA]
	(No symbol) [0x00007FF6C0ED7CA2]
	(No symbol) [0x00007FF6C0ED5732]
	(No symbol) [0x00007FF6C0ED490E]
	(No symbol) [0x00007FF6C0EC9CBE]
	(No symbol) [0x00007FF6C0EF425A]
	(No symbol) [0x00007FF6C0EC964D]
	(No symbol) [0x00007FF6C0EC950D]
	(No symbol) [0x00007FF6C0EF4520]
	(No symbol) [0x00007FF6C0EC964D]
	(No symbol) [0x00007FF6C0F11C00]
	(No symbol) [0x00007FF6C0EF3FC3]
	(No symbol) [0x00007FF6C0EC8B96]
	(No symbol) [0x00007FF6C0EC7E50]
	(No symbol) [0x00007FF6C0EC89C3]
	(No symbol) [0x00007FF6C0F50214]
	(No symbol) [0x00007FF6C0FE06CF]
	(No symbol) [0x00007FF6C0F53A53]
	Microsoft::Applications::Events::EventProperty::to_string [0x00007FF6C14445BD+279981]
	simdutf::get_active_implementation [0x00007FF6C10878C1+409457]
	simdutf::get_active_implementation [0x00007FF6C1082BA4+389716]
	simdutf::get_active_implementation [0x00007FF6C1082CE9+390041]
	simdutf::get_active_implementation [0x00007FF6C10762E6+338326]
	BaseThreadInitThunk [0x00007FFDB4DAE8D7+23]
	RtlUserThreadStart [0x00007FFDB60BBF2C+44]

2025-03-02 23:54:04 [china_attractions_db] INFO: 正在爬取 未知城市 的第 3 页景点列表
2025-03-02 23:54:04 [china_attractions_db] INFO: 成功找到 15 个景点元素
2025-03-02 23:54:05 [china_attractions_db] INFO: 已将景点详情页URL添加到队列: https://www.mafengwo.cn/poi/3527.html
2025-03-02 23:54:05 [china_attractions_db] INFO: 已将景点详情页URL添加到队列: https://www.mafengwo.cn/poi/4154.html
2025-03-02 23:54:06 [china_attractions_db] INFO: 已将景点详情页URL添加到队列: https://www.mafengwo.cn/poi/3499.html
2025-03-02 23:54:06 [china_attractions_db] INFO: 已将景点详情页URL添加到队列: https://www.mafengwo.cn/poi/3731.html
2025-03-02 23:54:07 [china_attractions_db] INFO: 已将景点详情页URL添加到队列: https://www.mafengwo.cn/poi/6731.html
2025-03-02 23:54:07 [china_attractions_db] INFO: 已将景点详情页URL添加到队列: https://www.mafengwo.cn/poi/3553.html
2025-03-02 23:54:08 [china_attractions_db] INFO: 已将景点详情页URL添加到队列: https://www.mafengwo.cn/poi/890032.html
2025-03-02 23:54:09 [china_attractions_db] INFO: 已将景点详情页URL添加到队列: https://www.mafengwo.cn/poi/4261.html
2025-03-02 23:54:09 [china_attractions_db] INFO: 已将景点详情页URL添加到队列: https://www.mafengwo.cn/poi/2000.html
2025-03-02 23:54:10 [china_attractions_db] INFO: 已将景点详情页URL添加到队列: https://www.mafengwo.cn/poi/87591.html
2025-03-02 23:54:10 [china_attractions_db] INFO: 已将景点详情页URL添加到队列: https://www.mafengwo.cn/poi/4163.html
2025-03-02 23:54:11 [china_attractions_db] INFO: 已将景点详情页URL添加到队列: https://www.mafengwo.cn/poi/6625756.html
2025-03-02 23:54:11 [china_attractions_db] INFO: 已将景点详情页URL添加到队列: https://www.mafengwo.cn/poi/5156.html
2025-03-02 23:54:12 [china_attractions_db] INFO: 已将景点详情页URL添加到队列: https://www.mafengwo.cn/poi/6910.html
2025-03-02 23:54:12 [china_attractions_db] INFO: 已将景点详情页URL添加到队列: https://www.mafengwo.cn/poi/6627770.html
2025-03-02 23:54:16 [china_attractions_db] ERROR: 点击'后一页'按钮失败: Message: element click intercepted: Element <a class="pi pg-next" data-page="4" rel="nofollow" title="...">后一页</a> is not clickable at point (829, 20). Other element would receive the click: <i class="navbar-icon"></i>
  (Session info: MicrosoftEdge=133.0.3065.92)
Stacktrace:
	GetHandleVerifier [0x00007FF6C10FE735+13397]
	Microsoft::Applications::Events::EventProperty::empty [0x00007FF6C138B1B4+2060276]
	Microsoft::Applications::Events::EventProperty::empty [0x00007FF6C12E2338+1368440]
	(No symbol) [0x00007FF6C0ED9CDA]
	(No symbol) [0x00007FF6C0ED7CA2]
	(No symbol) [0x00007FF6C0ED5732]
	(No symbol) [0x00007FF6C0ED490E]
	(No symbol) [0x00007FF6C0EC9CBE]
	(No symbol) [0x00007FF6C0EF425A]
	(No symbol) [0x00007FF6C0EC964D]
	(No symbol) [0x00007FF6C0EC950D]
	(No symbol) [0x00007FF6C0EF4520]
	(No symbol) [0x00007FF6C0EC964D]
	(No symbol) [0x00007FF6C0F11C00]
	(No symbol) [0x00007FF6C0EF3FC3]
	(No symbol) [0x00007FF6C0EC8B96]
	(No symbol) [0x00007FF6C0EC7E50]
	(No symbol) [0x00007FF6C0EC89C3]
	(No symbol) [0x00007FF6C0F50214]
	(No symbol) [0x00007FF6C0FE06CF]
	(No symbol) [0x00007FF6C0F53A53]
	Microsoft::Applications::Events::EventProperty::to_string [0x00007FF6C14445BD+279981]
	simdutf::get_active_implementation [0x00007FF6C10878C1+409457]
	simdutf::get_active_implementation [0x00007FF6C1082BA4+389716]
	simdutf::get_active_implementation [0x00007FF6C1082CE9+390041]
	simdutf::get_active_implementation [0x00007FF6C10762E6+338326]
	BaseThreadInitThunk [0x00007FFDB4DAE8D7+23]
	RtlUserThreadStart [0x00007FFDB60BBF2C+44]

2025-03-02 23:54:20 [china_attractions_db] INFO: 正在爬取 未知城市 的第 4 页景点列表
2025-03-02 23:54:20 [china_attractions_db] INFO: 成功找到 15 个景点元素
2025-03-02 23:54:21 [china_attractions_db] INFO: 已将景点详情页URL添加到队列: https://www.mafengwo.cn/poi/862884.html
2025-03-02 23:54:21 [china_attractions_db] INFO: 已将景点详情页URL添加到队列: https://www.mafengwo.cn/poi/3912.html
2025-03-02 23:54:22 [china_attractions_db] INFO: 已将景点详情页URL添加到队列: https://www.mafengwo.cn/poi/6437.html
2025-03-02 23:54:22 [china_attractions_db] INFO: 已将景点详情页URL添加到队列: https://www.mafengwo.cn/poi/4239.html
2025-03-02 23:54:23 [china_attractions_db] INFO: 已将景点详情页URL添加到队列: https://www.mafengwo.cn/poi/4119.html
2025-03-02 23:54:23 [china_attractions_db] INFO: 已将景点详情页URL添加到队列: https://www.mafengwo.cn/poi/3986.html
2025-03-02 23:54:24 [china_attractions_db] INFO: 已将景点详情页URL添加到队列: https://www.mafengwo.cn/poi/3751.html
2025-03-02 23:54:25 [china_attractions_db] INFO: 已将景点详情页URL添加到队列: https://www.mafengwo.cn/poi/5085.html
2025-03-02 23:54:25 [china_attractions_db] INFO: 已将景点详情页URL添加到队列: https://www.mafengwo.cn/poi/6903683.html
2025-03-02 23:54:26 [china_attractions_db] INFO: 已将景点详情页URL添加到队列: https://www.mafengwo.cn/poi/21098.html
2025-03-02 23:54:26 [china_attractions_db] INFO: 已将景点详情页URL添加到队列: https://www.mafengwo.cn/poi/3863.html
2025-03-02 23:54:27 [china_attractions_db] INFO: 已将景点详情页URL添加到队列: https://www.mafengwo.cn/poi/21463.html
2025-03-02 23:54:27 [china_attractions_db] INFO: 已将景点详情页URL添加到队列: https://www.mafengwo.cn/poi/3543.html
2025-03-02 23:54:28 [china_attractions_db] INFO: 已将景点详情页URL添加到队列: https://www.mafengwo.cn/poi/21315.html
2025-03-02 23:54:28 [china_attractions_db] INFO: 已将景点详情页URL添加到队列: https://www.mafengwo.cn/poi/4129.html
2025-03-02 23:54:32 [china_attractions_db] ERROR: 点击'后一页'按钮失败: Message: element click intercepted: Element <a class="pi pg-next" data-page="5" rel="nofollow" title="...">后一页</a> is not clickable at point (829, 20). Other element would receive the click: <i class="navbar-icon"></i>
  (Session info: MicrosoftEdge=133.0.3065.92)
Stacktrace:
	GetHandleVerifier [0x00007FF6C10FE735+13397]
	Microsoft::Applications::Events::EventProperty::empty [0x00007FF6C138B1B4+2060276]
	Microsoft::Applications::Events::EventProperty::empty [0x00007FF6C12E2338+1368440]
	(No symbol) [0x00007FF6C0ED9CDA]
	(No symbol) [0x00007FF6C0ED7CA2]
	(No symbol) [0x00007FF6C0ED5732]
	(No symbol) [0x00007FF6C0ED490E]
	(No symbol) [0x00007FF6C0EC9CBE]
	(No symbol) [0x00007FF6C0EF425A]
	(No symbol) [0x00007FF6C0EC964D]
	(No symbol) [0x00007FF6C0EC950D]
	(No symbol) [0x00007FF6C0EF4520]
	(No symbol) [0x00007FF6C0EC964D]
	(No symbol) [0x00007FF6C0F11C00]
	(No symbol) [0x00007FF6C0EF3FC3]
	(No symbol) [0x00007FF6C0EC8B96]
	(No symbol) [0x00007FF6C0EC7E50]
	(No symbol) [0x00007FF6C0EC89C3]
	(No symbol) [0x00007FF6C0F50214]
	(No symbol) [0x00007FF6C0FE06CF]
	(No symbol) [0x00007FF6C0F53A53]
	Microsoft::Applications::Events::EventProperty::to_string [0x00007FF6C14445BD+279981]
	simdutf::get_active_implementation [0x00007FF6C10878C1+409457]
	simdutf::get_active_implementation [0x00007FF6C1082BA4+389716]
	simdutf::get_active_implementation [0x00007FF6C1082CE9+390041]
	simdutf::get_active_implementation [0x00007FF6C10762E6+338326]
	BaseThreadInitThunk [0x00007FFDB4DAE8D7+23]
	RtlUserThreadStart [0x00007FFDB60BBF2C+44]

2025-03-02 23:54:37 [china_attractions_db] INFO: 正在爬取 未知城市 的第 5 页景点列表
2025-03-02 23:54:37 [china_attractions_db] INFO: 成功找到 15 个景点元素
2025-03-02 23:54:37 [china_attractions_db] INFO: 已将景点详情页URL添加到队列: https://www.mafengwo.cn/poi/21642.html
2025-03-02 23:54:38 [china_attractions_db] INFO: 已将景点详情页URL添加到队列: https://www.mafengwo.cn/poi/6725809.html
2025-03-02 23:54:38 [china_attractions_db] INFO: 已将景点详情页URL添加到队列: https://www.mafengwo.cn/poi/21877.html
2025-03-02 23:54:39 [china_attractions_db] INFO: 已将景点详情页URL添加到队列: https://www.mafengwo.cn/poi/8338472.html
2025-03-02 23:54:39 [china_attractions_db] INFO: 已将景点详情页URL添加到队列: https://www.mafengwo.cn/poi/4131.html
2025-03-02 23:54:40 [china_attractions_db] INFO: 已将景点详情页URL添加到队列: https://www.mafengwo.cn/poi/87642.html
2025-03-02 23:54:40 [china_attractions_db] INFO: 已将景点详情页URL添加到队列: https://www.mafengwo.cn/poi/3481.html
2025-03-02 23:54:41 [china_attractions_db] INFO: 已将景点详情页URL添加到队列: https://www.mafengwo.cn/poi/22017.html
2025-03-02 23:54:41 [china_attractions_db] INFO: 已将景点详情页URL添加到队列: https://www.mafengwo.cn/poi/4250.html
2025-03-02 23:54:42 [china_attractions_db] INFO: 已将景点详情页URL添加到队列: https://www.mafengwo.cn/poi/6627769.html
2025-03-02 23:54:43 [china_attractions_db] INFO: 已将景点详情页URL添加到队列: https://www.mafengwo.cn/poi/6916.html
2025-03-02 23:54:43 [china_attractions_db] INFO: 已将景点详情页URL添加到队列: https://www.mafengwo.cn/poi/3742.html
2025-03-02 23:54:44 [china_attractions_db] INFO: 已将景点详情页URL添加到队列: https://www.mafengwo.cn/poi/4815.html
2025-03-02 23:54:44 [china_attractions_db] INFO: 已将景点详情页URL添加到队列: https://www.mafengwo.cn/poi/9946320.html
2025-03-02 23:54:45 [china_attractions_db] INFO: 已将景点详情页URL添加到队列: https://www.mafengwo.cn/poi/5510.html
2025-03-02 23:54:48 [china_attractions_db] ERROR: 点击'后一页'按钮失败: Message: element click intercepted: Element <a class="pi pg-next" data-page="6" rel="nofollow" title="...">后一页</a> is not clickable at point (829, 20). Other element would receive the click: <i class="navbar-icon"></i>
  (Session info: MicrosoftEdge=133.0.3065.92)
Stacktrace:
	GetHandleVerifier [0x00007FF6C10FE735+13397]
	Microsoft::Applications::Events::EventProperty::empty [0x00007FF6C138B1B4+2060276]
	Microsoft::Applications::Events::EventProperty::empty [0x00007FF6C12E2338+1368440]
	(No symbol) [0x00007FF6C0ED9CDA]
	(No symbol) [0x00007FF6C0ED7CA2]
	(No symbol) [0x00007FF6C0ED5732]
	(No symbol) [0x00007FF6C0ED490E]
	(No symbol) [0x00007FF6C0EC9CBE]
	(No symbol) [0x00007FF6C0EF425A]
	(No symbol) [0x00007FF6C0EC964D]
	(No symbol) [0x00007FF6C0EC950D]
	(No symbol) [0x00007FF6C0EF4520]
	(No symbol) [0x00007FF6C0EC964D]
	(No symbol) [0x00007FF6C0F11C00]
	(No symbol) [0x00007FF6C0EF3FC3]
	(No symbol) [0x00007FF6C0EC8B96]
	(No symbol) [0x00007FF6C0EC7E50]
	(No symbol) [0x00007FF6C0EC89C3]
	(No symbol) [0x00007FF6C0F50214]
	(No symbol) [0x00007FF6C0FE06CF]
	(No symbol) [0x00007FF6C0F53A53]
	Microsoft::Applications::Events::EventProperty::to_string [0x00007FF6C14445BD+279981]
	simdutf::get_active_implementation [0x00007FF6C10878C1+409457]
	simdutf::get_active_implementation [0x00007FF6C1082BA4+389716]
	simdutf::get_active_implementation [0x00007FF6C1082CE9+390041]
	simdutf::get_active_implementation [0x00007FF6C10762E6+338326]
	BaseThreadInitThunk [0x00007FFDB4DAE8D7+23]
	RtlUserThreadStart [0x00007FFDB60BBF2C+44]

2025-03-02 23:54:51 [china_attractions_db] INFO: 正在爬取 未知城市 的第 6 页景点列表
2025-03-02 23:54:51 [china_attractions_db] INFO: 成功找到 15 个景点元素
2025-03-02 23:54:52 [china_attractions_db] INFO: 已将景点详情页URL添加到队列: https://www.mafengwo.cn/poi/4142.html
2025-03-02 23:54:52 [china_attractions_db] INFO: 已将景点详情页URL添加到队列: https://www.mafengwo.cn/poi/4016.html
2025-03-02 23:54:53 [china_attractions_db] INFO: 已将景点详情页URL添加到队列: https://www.mafengwo.cn/poi/3813.html
2025-03-02 23:54:54 [china_attractions_db] INFO: 已将景点详情页URL添加到队列: https://www.mafengwo.cn/poi/4875.html
2025-03-02 23:54:54 [china_attractions_db] INFO: 已将景点详情页URL添加到队列: https://www.mafengwo.cn/poi/3741.html
2025-03-02 23:54:55 [china_attractions_db] INFO: 已将景点详情页URL添加到队列: https://www.mafengwo.cn/poi/3953.html
2025-03-02 23:54:55 [china_attractions_db] INFO: 已将景点详情页URL添加到队列: https://www.mafengwo.cn/poi/799037.html
2025-03-02 23:54:56 [china_attractions_db] INFO: 已将景点详情页URL添加到队列: https://www.mafengwo.cn/poi/9597016.html
2025-03-02 23:54:56 [china_attractions_db] INFO: 已将景点详情页URL添加到队列: https://www.mafengwo.cn/poi/66511136.html
2025-03-02 23:54:57 [china_attractions_db] INFO: 已将景点详情页URL添加到队列: https://www.mafengwo.cn/poi/6929451.html
2025-03-02 23:54:57 [china_attractions_db] INFO: 已将景点详情页URL添加到队列: https://www.mafengwo.cn/poi/3478.html
2025-03-02 23:54:58 [china_attractions_db] INFO: 已将景点详情页URL添加到队列: https://www.mafengwo.cn/poi/6903643.html
2025-03-02 23:54:58 [china_attractions_db] INFO: 已将景点详情页URL添加到队列: https://www.mafengwo.cn/poi/6627764.html
2025-03-02 23:54:59 [china_attractions_db] INFO: 已将景点详情页URL添加到队列: https://www.mafengwo.cn/poi/2001.html
2025-03-02 23:54:59 [china_attractions_db] INFO: 已将景点详情页URL添加到队列: https://www.mafengwo.cn/poi/6627768.html
2025-03-02 23:55:03 [china_attractions_db] ERROR: 点击'后一页'按钮失败: Message: element click intercepted: Element <a class="pi pg-next" data-page="7" rel="nofollow" title="...">后一页</a> is not clickable at point (829, 20). Other element would receive the click: <i class="navbar-icon"></i>
  (Session info: MicrosoftEdge=133.0.3065.92)
Stacktrace:
	GetHandleVerifier [0x00007FF6C10FE735+13397]
	Microsoft::Applications::Events::EventProperty::empty [0x00007FF6C138B1B4+2060276]
	Microsoft::Applications::Events::EventProperty::empty [0x00007FF6C12E2338+1368440]
	(No symbol) [0x00007FF6C0ED9CDA]
	(No symbol) [0x00007FF6C0ED7CA2]
	(No symbol) [0x00007FF6C0ED5732]
	(No symbol) [0x00007FF6C0ED490E]
	(No symbol) [0x00007FF6C0EC9CBE]
	(No symbol) [0x00007FF6C0EF425A]
	(No symbol) [0x00007FF6C0EC964D]
	(No symbol) [0x00007FF6C0EC950D]
	(No symbol) [0x00007FF6C0EF4520]
	(No symbol) [0x00007FF6C0EC964D]
	(No symbol) [0x00007FF6C0F11C00]
	(No symbol) [0x00007FF6C0EF3FC3]
	(No symbol) [0x00007FF6C0EC8B96]
	(No symbol) [0x00007FF6C0EC7E50]
	(No symbol) [0x00007FF6C0EC89C3]
	(No symbol) [0x00007FF6C0F50214]
	(No symbol) [0x00007FF6C0FE06CF]
	(No symbol) [0x00007FF6C0F53A53]
	Microsoft::Applications::Events::EventProperty::to_string [0x00007FF6C14445BD+279981]
	simdutf::get_active_implementation [0x00007FF6C10878C1+409457]
	simdutf::get_active_implementation [0x00007FF6C1082BA4+389716]
	simdutf::get_active_implementation [0x00007FF6C1082CE9+390041]
	simdutf::get_active_implementation [0x00007FF6C10762E6+338326]
	BaseThreadInitThunk [0x00007FFDB4DAE8D7+23]
	RtlUserThreadStart [0x00007FFDB60BBF2C+44]

2025-03-02 23:55:07 [china_attractions_db] INFO: 正在爬取 未知城市 的第 7 页景点列表
2025-03-02 23:55:07 [china_attractions_db] INFO: 成功找到 15 个景点元素
2025-03-02 23:55:07 [china_attractions_db] INFO: 已将景点详情页URL添加到队列: https://www.mafengwo.cn/poi/834363.html
2025-03-02 23:55:08 [china_attractions_db] INFO: 已将景点详情页URL添加到队列: https://www.mafengwo.cn/poi/21606.html
2025-03-02 23:55:08 [china_attractions_db] INFO: 已将景点详情页URL添加到队列: https://www.mafengwo.cn/poi/3998.html
2025-03-02 23:55:09 [china_attractions_db] INFO: 已将景点详情页URL添加到队列: https://www.mafengwo.cn/poi/6627932.html
2025-03-02 23:55:09 [china_attractions_db] INFO: 已将景点详情页URL添加到队列: https://www.mafengwo.cn/poi/6095191.html
2025-03-02 23:55:10 [china_attractions_db] INFO: 已将景点详情页URL添加到队列: https://www.mafengwo.cn/poi/3497.html
2025-03-02 23:55:10 [china_attractions_db] INFO: 已将景点详情页URL添加到队列: https://www.mafengwo.cn/poi/4412.html
2025-03-02 23:55:11 [china_attractions_db] INFO: 已将景点详情页URL添加到队列: https://www.mafengwo.cn/poi/102620.html
2025-03-02 23:55:12 [china_attractions_db] INFO: 已将景点详情页URL添加到队列: https://www.mafengwo.cn/poi/830065.html
2025-03-02 23:55:12 [china_attractions_db] INFO: 已将景点详情页URL添加到队列: https://www.mafengwo.cn/poi/5429395.html
2025-03-02 23:55:13 [china_attractions_db] INFO: 已将景点详情页URL添加到队列: https://www.mafengwo.cn/poi/4135.html
2025-03-02 23:55:13 [china_attractions_db] INFO: 已将景点详情页URL添加到队列: https://www.mafengwo.cn/poi/824191.html
2025-03-02 23:55:14 [china_attractions_db] INFO: 已将景点详情页URL添加到队列: https://www.mafengwo.cn/poi/3490.html
2025-03-02 23:55:14 [twisted] CRITICAL: Unhandled error in Deferred:
2025-03-02 23:55:14 [twisted] CRITICAL: 
Traceback (most recent call last):
  File "C:\Users\31432\AppData\Local\Programs\Python\Python313\Lib\site-packages\twisted\internet\defer.py", line 2017, in _inlineCallbacks
    result = context.run(gen.send, result)
  File "C:\Users\31432\AppData\Local\Programs\Python\Python313\Lib\site-packages\scrapy\crawler.py", line 153, in crawl
    start_requests = iter(self.spider.start_requests())
                          ~~~~~~~~~~~~~~~~~~~~~~~~~~^^
  File "C:\ScenicDataVisualization\mafengwo\spiders\china_attractions_db.py", line 294, in start_requests
    self.process_cities_urls()
    ~~~~~~~~~~~~~~~~~~~~~~~~^^
  File "C:\ScenicDataVisualization\mafengwo\spiders\china_attractions_db.py", line 344, in process_cities_urls
    self.process_list_urls()
    ~~~~~~~~~~~~~~~~~~~~~~^^
  File "C:\ScenicDataVisualization\mafengwo\spiders\china_attractions_db.py", line 576, in process_list_urls
    self.parse_attractions_list(url, city_info)
    ~~~~~~~~~~~~~~~~~~~~~~~~~~~^^^^^^^^^^^^^^^^
  File "C:\ScenicDataVisualization\mafengwo\spiders\china_attractions_db.py", line 651, in parse_attractions_list
    time.sleep(0.5)
    ~~~~~~~~~~^^^^^
KeyboardInterrupt
