2025-03-02 21:36:03 [scrapy.utils.log] INFO: Scrapy 2.12.0 started (bot: mafengwo)
2025-03-02 21:36:03 [scrapy.utils.log] INFO: Versions: lxml 5.3.1.0, libxml2 2.11.7, cssselect 1.2.0, parsel 1.10.0, w3lib 2.3.1, Twisted 24.11.0, Python 3.13.2 (tags/v3.13.2:4f8bb39, Feb  4 2025, 15:23:48) [MSC v.1942 64 bit (AMD64)], pyOpenSSL 25.0.0 (OpenSSL 3.4.1 11 Feb 2025), cryptography 44.0.1, Platform Windows-11-10.0.26100-SP0
2025-03-02 21:36:03 [china_attractions_db] INFO: Redis连接成功初始化，连接到 localhost
2025-03-02 21:36:03 [china_attractions_db] INFO: 已保存爬虫状态: started
2025-03-02 21:36:03 [china_attractions_db] INFO: 已启动定期保存检查点线程，间隔: 300秒
2025-03-02 21:36:03 [scrapy.addons] INFO: Enabled addons:
[]
2025-03-02 21:36:03 [scrapy.extensions.telnet] INFO: Telnet Password: 09154255772ea43b
2025-03-02 21:36:03 [py.warnings] WARNING: C:\Users\31432\AppData\Local\Programs\Python\Python313\Lib\site-packages\scrapy\extensions\feedexport.py:432: ScrapyDeprecationWarning: The `FEED_URI` and `FEED_FORMAT` settings have been deprecated in favor of the `FEEDS` setting. Please see the `FEEDS` setting docs for more details
  exporter = cls(crawler)

2025-03-02 21:36:03 [scrapy.middleware] INFO: Enabled extensions:
['scrapy.extensions.corestats.CoreStats',
 'scrapy.extensions.telnet.TelnetConsole',
 'scrapy.extensions.feedexport.FeedExporter',
 'scrapy.extensions.logstats.LogStats',
 'scrapy.extensions.spiderstate.SpiderState',
 'scrapy.extensions.throttle.AutoThrottle']
2025-03-02 21:36:03 [scrapy.crawler] INFO: Overridden settings:
{'AUTOTHROTTLE_ENABLED': True,
 'BOT_NAME': 'mafengwo',
 'CONCURRENT_REQUESTS': 1,
 'DOWNLOAD_DELAY': 5,
 'DOWNLOAD_FAIL_ON_DATALOSS': False,
 'DOWNLOAD_TIMEOUT': 60,
 'DUPEFILTER_CLASS': 'scrapy_redis.dupefilter.RFPDupeFilter',
 'FEED_EXPORT_ENCODING': 'utf-8',
 'FEED_EXPORT_INDENT': 4,
 'JOBDIR': 'crawls/china_attractions_db_node1',
 'LOG_FILE': 'logs/china_attractions_db_node1_20250302_213602.log',
 'LOG_LEVEL': 'INFO',
 'NEWSPIDER_MODULE': 'mafengwo.spiders',
 'RETRY_HTTP_CODES': [500, 502, 503, 504, 522, 524, 408, 202],
 'RETRY_TIMES': 5,
 'SCHEDULER': 'scrapy_redis.scheduler.Scheduler',
 'SPIDER_MODULES': ['mafengwo.spiders'],
 'TWISTED_REACTOR': 'twisted.internet.asyncioreactor.AsyncioSelectorReactor',
 'USER_AGENT': 'Mozilla/5.0 (Windows NT 10.0; Win64; x64) AppleWebKit/537.36 '
               '(KHTML, like Gecko) Chrome/133.0.0.0 Safari/537.36 '
               'Edg/133.0.0.0'}
2025-03-02 21:36:04 [twisted] CRITICAL: Unhandled error in Deferred:
2025-03-02 21:36:04 [twisted] CRITICAL: 
Traceback (most recent call last):
  File "C:\Users\31432\AppData\Local\Programs\Python\Python313\Lib\site-packages\twisted\internet\defer.py", line 2017, in _inlineCallbacks
    result = context.run(gen.send, result)
  File "C:\Users\31432\AppData\Local\Programs\Python\Python313\Lib\site-packages\scrapy\crawler.py", line 152, in crawl
    self.engine = self._create_engine()
                  ~~~~~~~~~~~~~~~~~~~^^
  File "C:\Users\31432\AppData\Local\Programs\Python\Python313\Lib\site-packages\scrapy\crawler.py", line 166, in _create_engine
    return ExecutionEngine(self, lambda _: self.stop())
  File "C:\Users\31432\AppData\Local\Programs\Python\Python313\Lib\site-packages\scrapy\core\engine.py", line 101, in __init__
    self.downloader: Downloader = downloader_cls(crawler)
                                  ~~~~~~~~~~~~~~^^^^^^^^^
  File "C:\Users\31432\AppData\Local\Programs\Python\Python313\Lib\site-packages\scrapy\core\downloader\__init__.py", line 109, in __init__
    DownloaderMiddlewareManager.from_crawler(crawler)
    ~~~~~~~~~~~~~~~~~~~~~~~~~~~~~~~~~~~~~~~~^^^^^^^^^
  File "C:\Users\31432\AppData\Local\Programs\Python\Python313\Lib\site-packages\scrapy\middleware.py", line 77, in from_crawler
    return cls._from_settings(crawler.settings, crawler)
           ~~~~~~~~~~~~~~~~~~^^^^^^^^^^^^^^^^^^^^^^^^^^^
  File "C:\Users\31432\AppData\Local\Programs\Python\Python313\Lib\site-packages\scrapy\middleware.py", line 86, in _from_settings
    mwcls = load_object(clspath)
  File "C:\Users\31432\AppData\Local\Programs\Python\Python313\Lib\site-packages\scrapy\utils\misc.py", line 71, in load_object
    mod = import_module(module)
  File "C:\Users\31432\AppData\Local\Programs\Python\Python313\Lib\importlib\__init__.py", line 88, in import_module
    return _bootstrap._gcd_import(name[level:], package, level)
           ~~~~~~~~~~~~~~~~~~~~~~^^^^^^^^^^^^^^^^^^^^^^^^^^^^^^
  File "<frozen importlib._bootstrap>", line 1387, in _gcd_import
  File "<frozen importlib._bootstrap>", line 1360, in _find_and_load
  File "<frozen importlib._bootstrap>", line 1331, in _find_and_load_unlocked
  File "<frozen importlib._bootstrap>", line 935, in _load_unlocked
  File "<frozen importlib._bootstrap_external>", line 1026, in exec_module
  File "<frozen importlib._bootstrap>", line 488, in _call_with_frames_removed
  File "C:\ScenicDataVisualization\mafengwo\middlewares.py", line 6, in <module>
    from settings_distributed import USER_AGENT_LIST, PROXY_LIST
ModuleNotFoundError: No module named 'settings_distributed'
