2025-03-02 23:51:57 [scrapy.utils.log] INFO: Scrapy 2.12.0 started (bot: mafengwo)
2025-03-02 23:51:57 [scrapy.utils.log] INFO: Versions: lxml 5.3.1.0, libxml2 2.11.7, cssselect 1.2.0, parsel 1.10.0, w3lib 2.3.1, Twisted 24.11.0, Python 3.13.2 (tags/v3.13.2:4f8bb39, Feb  4 2025, 15:23:48) [MSC v.1942 64 bit (AMD64)], pyOpenSSL 25.0.0 (OpenSSL 3.4.1 11 Feb 2025), cryptography 44.0.1, Platform Windows-11-10.0.26100-SP0
2025-03-02 23:51:57 [china_attractions_db] INFO: 爬虫初始化: 节点ID=node1, 是否主节点=True
2025-03-02 23:51:57 [china_attractions_db] INFO: Redis连接成功初始化，连接到 localhost
2025-03-02 23:51:57 [china_attractions_db] INFO: 作为主节点初始化队列
2025-03-02 23:51:57 [china_attractions_db] INFO: 已加载断点续爬检查点: 2025-03-02 23:36:08
2025-03-02 23:51:57 [china_attractions_db] INFO: 已从断点恢复爬虫状态
2025-03-02 23:51:57 [china_attractions_db] INFO: 已保存爬虫状态: started
2025-03-02 23:51:57 [china_attractions_db] INFO: 已启动定期保存检查点线程，间隔: 300秒
2025-03-02 23:51:57 [scrapy.addons] INFO: Enabled addons:
[]
2025-03-02 23:51:57 [scrapy.extensions.telnet] INFO: Telnet Password: 0369c0c86a72feb4
2025-03-02 23:51:57 [py.warnings] WARNING: C:\Users\31432\AppData\Local\Programs\Python\Python313\Lib\site-packages\scrapy\extensions\feedexport.py:432: ScrapyDeprecationWarning: The `FEED_URI` and `FEED_FORMAT` settings have been deprecated in favor of the `FEEDS` setting. Please see the `FEEDS` setting docs for more details
  exporter = cls(crawler)

2025-03-02 23:51:57 [scrapy.middleware] INFO: Enabled extensions:
['scrapy.extensions.corestats.CoreStats',
 'scrapy.extensions.telnet.TelnetConsole',
 'scrapy.extensions.feedexport.FeedExporter',
 'scrapy.extensions.logstats.LogStats',
 'scrapy.extensions.spiderstate.SpiderState',
 'scrapy.extensions.throttle.AutoThrottle']
2025-03-02 23:51:57 [scrapy.crawler] INFO: Overridden settings:
{'AUTOTHROTTLE_ENABLED': True,
 'BOT_NAME': 'mafengwo',
 'CONCURRENT_REQUESTS': 1,
 'DOWNLOAD_DELAY': 5,
 'DOWNLOAD_FAIL_ON_DATALOSS': False,
 'DOWNLOAD_TIMEOUT': 60,
 'DUPEFILTER_CLASS': 'scrapy_redis.dupefilter.RFPDupeFilter',
 'FEED_EXPORT_ENCODING': 'utf-8',
 'FEED_EXPORT_INDENT': 4,
 'JOBDIR': 'crawls/china_attractions_db_node1',
 'LOG_FILE': 'logs/china_attractions_db_node1_20250302_235156.log',
 'LOG_LEVEL': 'INFO',
 'NEWSPIDER_MODULE': 'mafengwo.spiders',
 'RETRY_HTTP_CODES': [500, 502, 503, 504, 522, 524, 408, 202],
 'RETRY_TIMES': 5,
 'SCHEDULER': 'scrapy_redis.scheduler.Scheduler',
 'SPIDER_MODULES': ['mafengwo.spiders'],
 'TWISTED_REACTOR': 'twisted.internet.asyncioreactor.AsyncioSelectorReactor',
 'USER_AGENT': 'Mozilla/5.0 (Windows NT 10.0; Win64; x64) AppleWebKit/537.36 '
               '(KHTML, like Gecko) Chrome/133.0.0.0 Safari/537.36 '
               'Edg/133.0.0.0'}
2025-03-02 23:51:58 [scrapy.middleware] INFO: Enabled downloader middlewares:
['scrapy.downloadermiddlewares.offsite.OffsiteMiddleware',
 'scrapy.downloadermiddlewares.httpauth.HttpAuthMiddleware',
 'scrapy.downloadermiddlewares.downloadtimeout.DownloadTimeoutMiddleware',
 'scrapy.downloadermiddlewares.defaultheaders.DefaultHeadersMiddleware',
 'mafengwo.middlewares.RandomUserAgentMiddleware',
 'mafengwo.middlewares.RandomDelayMiddleware',
 'scrapy.downloadermiddlewares.retry.RetryMiddleware',
 'scrapy.downloadermiddlewares.redirect.MetaRefreshMiddleware',
 'scrapy.downloadermiddlewares.httpcompression.HttpCompressionMiddleware',
 'scrapy.downloadermiddlewares.redirect.RedirectMiddleware',
 'scrapy.downloadermiddlewares.cookies.CookiesMiddleware',
 'scrapy.downloadermiddlewares.httpproxy.HttpProxyMiddleware',
 'scrapy.downloadermiddlewares.stats.DownloaderStats']
2025-03-02 23:51:58 [scrapy.middleware] INFO: Enabled spider middlewares:
['scrapy.spidermiddlewares.httperror.HttpErrorMiddleware',
 'scrapy.spidermiddlewares.referer.RefererMiddleware',
 'scrapy.spidermiddlewares.urllength.UrlLengthMiddleware',
 'scrapy.spidermiddlewares.depth.DepthMiddleware']
2025-03-02 23:51:58 [scrapy.middleware] INFO: Enabled item pipelines:
['scrapy_redis.pipelines.RedisPipeline']
2025-03-02 23:51:58 [china_attractions_db] INFO: 当前队列状态:
2025-03-02 23:51:58 [china_attractions_db] INFO: 城市列表页URL队列: 1
2025-03-02 23:51:58 [china_attractions_db] INFO: 景点列表页URL队列: 0
2025-03-02 23:51:58 [china_attractions_db] INFO: 详情页URL队列: 0
2025-03-02 23:51:58 [china_attractions_db] INFO: 发现 1 个城市列表页URL，开始处理
2025-03-02 23:51:58 [china_attractions_db] INFO: 城市列表页已处理过: https://www.mafengwo.cn/mdd/
2025-03-02 23:51:58 [china_attractions_db] INFO: 景点列表页URL队列为空
2025-03-02 23:51:58 [china_attractions_db] INFO: 景点详情页URL队列为空
2025-03-02 23:51:58 [china_attractions_db] INFO: 景点列表页URL队列为空，跳过处理
2025-03-02 23:51:58 [china_attractions_db] INFO: 景点详情页URL队列为空，跳过处理
2025-03-02 23:51:58 [scrapy.core.engine] INFO: Spider opened
2025-03-02 23:51:58 [scrapy.extensions.logstats] INFO: Crawled 0 pages (at 0 pages/min), scraped 0 items (at 0 items/min)
2025-03-02 23:51:58 [scrapy.extensions.telnet] INFO: Telnet console listening on 127.0.0.1:6023
2025-03-02 23:51:58 [scrapy.core.engine] INFO: Closing spider (finished)
2025-03-02 23:51:58 [china_attractions_db] INFO: 爬虫关闭，原因: finished
2025-03-02 23:51:58 [china_attractions_db] INFO: 已停止定期保存检查点线程
2025-03-02 23:51:58 [china_attractions_db] INFO: 已保存断点续爬检查点: crawls/china_attractions_db_node1/checkpoints\checkpoint_node1_20250302_235158.json
2025-03-02 23:51:58 [china_attractions_db] INFO: 已保存爬虫状态: closed: finished
2025-03-02 23:51:58 [china_attractions_db] INFO: 爬虫运行时间: 0:00:01.014754
2025-03-02 23:51:58 [china_attractions_db] INFO: 爬取统计: 处理城市页面 1 个，处理列表页面 0 个，处理详情页面 0 个
2025-03-02 23:51:58 [china_attractions_db] INFO: 数据统计: 保存城市 23 个，保存景点 0 个
2025-03-02 23:51:58 [china_attractions_db] WARNING: 未找到任何景点数据，无法导出
2025-03-02 23:51:58 [scrapy.extensions.feedexport] INFO: Stored json feed (0 items) in: attractions_distributed.json
2025-03-02 23:51:58 [scrapy.statscollectors] INFO: Dumping Scrapy stats:
{'elapsed_time_seconds': 0.351828,
 'feedexport/success_count/FileFeedStorage': 1,
 'finish_reason': 'finished',
 'finish_time': datetime.datetime(2025, 3, 2, 15, 51, 58, 620572, tzinfo=datetime.timezone.utc),
 'items_per_minute': None,
 'log_count/INFO': 28,
 'log_count/WARNING': 2,
 'responses_per_minute': None,
 'start_time': datetime.datetime(2025, 3, 2, 15, 51, 58, 268744, tzinfo=datetime.timezone.utc)}
2025-03-02 23:51:58 [scrapy.core.engine] INFO: Spider closed (finished)
