2025-03-02 16:34:11 [scrapy.utils.log] INFO: Scrapy 2.12.0 started (bot: mafengwo)
2025-03-02 16:34:11 [scrapy.utils.log] INFO: Versions: lxml 5.3.1.0, libxml2 2.11.7, cssselect 1.2.0, parsel 1.10.0, w3lib 2.3.1, Twisted 24.11.0, Python 3.13.2 (tags/v3.13.2:4f8bb39, Feb  4 2025, 15:23:48) [MSC v.1942 64 bit (AMD64)], pyOpenSSL 25.0.0 (OpenSSL 3.4.1 11 Feb 2025), cryptography 44.0.1, Platform Windows-11-10.0.26100-SP0
2025-03-02 16:34:11 [beijing_attractions_distributed] INFO: Redis连接成功初始化
2025-03-02 16:34:11 [beijing_attractions_distributed] INFO: Reading start URLs from redis key 'beijing_attractions:start_urls' (batch size: 1, encoding: utf-8)
2025-03-02 16:34:11 [scrapy.addons] INFO: Enabled addons:
[]
2025-03-02 16:34:11 [asyncio] DEBUG: Using selector: SelectSelector
2025-03-02 16:34:11 [scrapy.utils.log] DEBUG: Using reactor: twisted.internet.asyncioreactor.AsyncioSelectorReactor
2025-03-02 16:34:11 [scrapy.utils.log] DEBUG: Using asyncio event loop: asyncio.windows_events._WindowsSelectorEventLoop
2025-03-02 16:34:11 [scrapy.utils.log] DEBUG: Using reactor: twisted.internet.asyncioreactor.AsyncioSelectorReactor
2025-03-02 16:34:11 [scrapy.utils.log] DEBUG: Using asyncio event loop: asyncio.windows_events._WindowsSelectorEventLoop
2025-03-02 16:34:11 [scrapy.extensions.telnet] INFO: Telnet Password: 222693e7e0c59ff2
2025-03-02 16:34:11 [py.warnings] WARNING: C:\Users\31432\AppData\Local\Programs\Python\Python313\Lib\site-packages\scrapy\extensions\feedexport.py:432: ScrapyDeprecationWarning: The `FEED_URI` and `FEED_FORMAT` settings have been deprecated in favor of the `FEEDS` setting. Please see the `FEEDS` setting docs for more details
  exporter = cls(crawler)

2025-03-02 16:34:11 [scrapy.middleware] INFO: Enabled extensions:
['scrapy.extensions.corestats.CoreStats',
 'scrapy.extensions.telnet.TelnetConsole',
 'scrapy.extensions.feedexport.FeedExporter',
 'scrapy.extensions.logstats.LogStats',
 'scrapy.extensions.spiderstate.SpiderState']
2025-03-02 16:34:11 [scrapy.crawler] INFO: Overridden settings:
{'BOT_NAME': 'mafengwo',
 'CONCURRENT_REQUESTS': 1,
 'DOWNLOAD_DELAY': 5,
 'DOWNLOAD_FAIL_ON_DATALOSS': False,
 'DOWNLOAD_TIMEOUT': 60,
 'DUPEFILTER_CLASS': 'scrapy_redis.dupefilter.RFPDupeFilter',
 'FEED_EXPORT_ENCODING': 'utf-8',
 'FEED_EXPORT_INDENT': 4,
 'JOBDIR': 'crawls/beijing_master',
 'LOG_FILE': 'logs\\mafengwo_master_20250302_163410.log',
 'NEWSPIDER_MODULE': 'mafengwo.spiders',
 'RETRY_HTTP_CODES': [500, 502, 503, 504, 522, 524, 408, 202],
 'RETRY_TIMES': 5,
 'SCHEDULER': 'scrapy_redis.scheduler.Scheduler',
 'SPIDER_MODULES': ['mafengwo.spiders'],
 'TWISTED_REACTOR': 'twisted.internet.asyncioreactor.AsyncioSelectorReactor',
 'USER_AGENT': 'Mozilla/5.0 (Windows NT 10.0; Win64; x64) AppleWebKit/537.36 '
               '(KHTML, like Gecko) Chrome/133.0.0.0 Safari/537.36 '
               'Edg/133.0.0.0'}
2025-03-02 16:34:12 [scrapy.middleware] INFO: Enabled downloader middlewares:
['scrapy.downloadermiddlewares.offsite.OffsiteMiddleware',
 'scrapy.downloadermiddlewares.httpauth.HttpAuthMiddleware',
 'scrapy.downloadermiddlewares.downloadtimeout.DownloadTimeoutMiddleware',
 'scrapy.downloadermiddlewares.defaultheaders.DefaultHeadersMiddleware',
 'scrapy.downloadermiddlewares.useragent.UserAgentMiddleware',
 'scrapy.downloadermiddlewares.retry.RetryMiddleware',
 'scrapy.downloadermiddlewares.redirect.MetaRefreshMiddleware',
 'scrapy.downloadermiddlewares.httpcompression.HttpCompressionMiddleware',
 'scrapy.downloadermiddlewares.redirect.RedirectMiddleware',
 'scrapy.downloadermiddlewares.cookies.CookiesMiddleware',
 'scrapy.downloadermiddlewares.httpproxy.HttpProxyMiddleware',
 'scrapy.downloadermiddlewares.stats.DownloaderStats']
2025-03-02 16:34:12 [scrapy.middleware] INFO: Enabled spider middlewares:
['scrapy.spidermiddlewares.httperror.HttpErrorMiddleware',
 'scrapy.spidermiddlewares.referer.RefererMiddleware',
 'scrapy.spidermiddlewares.urllength.UrlLengthMiddleware',
 'scrapy.spidermiddlewares.depth.DepthMiddleware']
2025-03-02 16:34:12 [scrapy.middleware] INFO: Enabled item pipelines:
['scrapy_redis.pipelines.RedisPipeline']
2025-03-02 16:34:12 [scrapy.core.engine] INFO: Spider opened
2025-03-02 16:34:12 [twisted] CRITICAL: Unhandled error in Deferred:
2025-03-02 16:34:12 [twisted] CRITICAL: 
Traceback (most recent call last):
  File "C:\Users\31432\AppData\Local\Programs\Python\Python313\Lib\site-packages\twisted\internet\defer.py", line 2017, in _inlineCallbacks
    result = context.run(gen.send, result)
  File "C:\Users\31432\AppData\Local\Programs\Python\Python313\Lib\site-packages\scrapy\crawler.py", line 154, in crawl
    yield self.engine.open_spider(self.spider, start_requests)
  File "C:\Users\31432\AppData\Local\Programs\Python\Python313\Lib\site-packages\twisted\internet\defer.py", line 2017, in _inlineCallbacks
    result = context.run(gen.send, result)
  File "C:\Users\31432\AppData\Local\Programs\Python\Python313\Lib\site-packages\scrapy\core\engine.py", line 386, in open_spider
    scheduler = build_from_crawler(self.scheduler_cls, self.crawler)
  File "C:\Users\31432\AppData\Local\Programs\Python\Python313\Lib\site-packages\scrapy\utils\misc.py", line 187, in build_from_crawler
    instance = objcls.from_crawler(crawler, *args, **kwargs)  # type: ignore[attr-defined]
  File "C:\Users\31432\AppData\Local\Programs\Python\Python313\Lib\site-packages\scrapy_redis\scheduler.py", line 128, in from_crawler
    instance = cls.from_settings(crawler.settings)
  File "C:\Users\31432\AppData\Local\Programs\Python\Python313\Lib\site-packages\scrapy_redis\scheduler.py", line 122, in from_settings
    server.ping()
    ~~~~~~~~~~~^^
  File "C:\Users\31432\AppData\Local\Programs\Python\Python313\Lib\site-packages\redis\commands\core.py", line 1212, in ping
    return self.execute_command("PING", **kwargs)
           ~~~~~~~~~~~~~~~~~~~~^^^^^^^^^^^^^^^^^^
  File "C:\Users\31432\AppData\Local\Programs\Python\Python313\Lib\site-packages\redis\client.py", line 559, in execute_command
    return self._execute_command(*args, **options)
           ~~~~~~~~~~~~~~~~~~~~~^^^^^^^^^^^^^^^^^^
  File "C:\Users\31432\AppData\Local\Programs\Python\Python313\Lib\site-packages\redis\client.py", line 565, in _execute_command
    conn = self.connection or pool.get_connection(command_name, **options)
                              ~~~~~~~~~~~~~~~~~~~^^^^^^^^^^^^^^^^^^^^^^^^^
  File "C:\Users\31432\AppData\Local\Programs\Python\Python313\Lib\site-packages\redis\connection.py", line 1422, in get_connection
    connection.connect()
    ~~~~~~~~~~~~~~~~~~^^
  File "C:\Users\31432\AppData\Local\Programs\Python\Python313\Lib\site-packages\redis\connection.py", line 369, in connect
    self.on_connect()
    ~~~~~~~~~~~~~~~^^
  File "C:\Users\31432\AppData\Local\Programs\Python\Python313\Lib\site-packages\redis\connection.py", line 471, in on_connect
    self.read_response()
    ~~~~~~~~~~~~~~~~~~^^
  File "C:\Users\31432\AppData\Local\Programs\Python\Python313\Lib\site-packages\redis\connection.py", line 592, in read_response
    response = self._parser.read_response(disable_decoding=disable_decoding)
  File "C:\Users\31432\AppData\Local\Programs\Python\Python313\Lib\site-packages\redis\_parsers\resp2.py", line 15, in read_response
    result = self._read_response(disable_decoding=disable_decoding)
  File "C:\Users\31432\AppData\Local\Programs\Python\Python313\Lib\site-packages\redis\_parsers\resp2.py", line 38, in _read_response
    raise error
redis.exceptions.AuthenticationError: Authentication required.
