2025-03-02 16:39:58 [scrapy.utils.log] INFO: Scrapy 2.12.0 started (bot: mafengwo)
2025-03-02 16:39:58 [scrapy.utils.log] INFO: Versions: lxml 5.3.1.0, libxml2 2.11.7, cssselect 1.2.0, parsel 1.10.0, w3lib 2.3.1, Twisted 24.11.0, Python 3.13.2 (tags/v3.13.2:4f8bb39, Feb  4 2025, 15:23:48) [MSC v.1942 64 bit (AMD64)], pyOpenSSL 25.0.0 (OpenSSL 3.4.1 11 Feb 2025), cryptography 44.0.1, Platform Windows-11-10.0.26100-SP0
2025-03-02 16:39:58 [beijing_attractions_distributed] INFO: Redis连接成功初始化
2025-03-02 16:39:58 [beijing_attractions_distributed] INFO: Reading start URLs from redis key 'beijing_attractions:start_urls' (batch size: 1, encoding: utf-8)
2025-03-02 16:39:58 [scrapy.addons] INFO: Enabled addons:
[]
2025-03-02 16:39:58 [asyncio] DEBUG: Using selector: SelectSelector
2025-03-02 16:39:58 [scrapy.utils.log] DEBUG: Using reactor: twisted.internet.asyncioreactor.AsyncioSelectorReactor
2025-03-02 16:39:58 [scrapy.utils.log] DEBUG: Using asyncio event loop: asyncio.windows_events._WindowsSelectorEventLoop
2025-03-02 16:39:58 [scrapy.utils.log] DEBUG: Using reactor: twisted.internet.asyncioreactor.AsyncioSelectorReactor
2025-03-02 16:39:58 [scrapy.utils.log] DEBUG: Using asyncio event loop: asyncio.windows_events._WindowsSelectorEventLoop
2025-03-02 16:39:58 [scrapy.extensions.telnet] INFO: Telnet Password: 1f46fdc5208ded81
2025-03-02 16:39:58 [py.warnings] WARNING: C:\Users\31432\AppData\Local\Programs\Python\Python313\Lib\site-packages\scrapy\extensions\feedexport.py:432: ScrapyDeprecationWarning: The `FEED_URI` and `FEED_FORMAT` settings have been deprecated in favor of the `FEEDS` setting. Please see the `FEEDS` setting docs for more details
  exporter = cls(crawler)

2025-03-02 16:39:58 [scrapy.middleware] INFO: Enabled extensions:
['scrapy.extensions.corestats.CoreStats',
 'scrapy.extensions.telnet.TelnetConsole',
 'scrapy.extensions.feedexport.FeedExporter',
 'scrapy.extensions.logstats.LogStats',
 'scrapy.extensions.spiderstate.SpiderState']
2025-03-02 16:39:58 [scrapy.crawler] INFO: Overridden settings:
{'BOT_NAME': 'mafengwo',
 'CONCURRENT_REQUESTS': 1,
 'DOWNLOAD_DELAY': 5,
 'DOWNLOAD_FAIL_ON_DATALOSS': False,
 'DOWNLOAD_TIMEOUT': 60,
 'DUPEFILTER_CLASS': 'scrapy_redis.dupefilter.RFPDupeFilter',
 'FEED_EXPORT_ENCODING': 'utf-8',
 'FEED_EXPORT_INDENT': 4,
 'JOBDIR': 'crawls/beijing_master',
 'LOG_FILE': 'logs\\mafengwo_master_20250302_163957.log',
 'NEWSPIDER_MODULE': 'mafengwo.spiders',
 'RETRY_HTTP_CODES': [500, 502, 503, 504, 522, 524, 408, 202],
 'RETRY_TIMES': 5,
 'SCHEDULER': 'scrapy_redis.scheduler.Scheduler',
 'SPIDER_MODULES': ['mafengwo.spiders'],
 'TWISTED_REACTOR': 'twisted.internet.asyncioreactor.AsyncioSelectorReactor',
 'USER_AGENT': 'Mozilla/5.0 (Windows NT 10.0; Win64; x64) AppleWebKit/537.36 '
               '(KHTML, like Gecko) Chrome/133.0.0.0 Safari/537.36 '
               'Edg/133.0.0.0'}
2025-03-02 16:39:58 [scrapy.middleware] INFO: Enabled downloader middlewares:
['scrapy.downloadermiddlewares.offsite.OffsiteMiddleware',
 'scrapy.downloadermiddlewares.httpauth.HttpAuthMiddleware',
 'scrapy.downloadermiddlewares.downloadtimeout.DownloadTimeoutMiddleware',
 'scrapy.downloadermiddlewares.defaultheaders.DefaultHeadersMiddleware',
 'scrapy.downloadermiddlewares.useragent.UserAgentMiddleware',
 'scrapy.downloadermiddlewares.retry.RetryMiddleware',
 'scrapy.downloadermiddlewares.redirect.MetaRefreshMiddleware',
 'scrapy.downloadermiddlewares.httpcompression.HttpCompressionMiddleware',
 'scrapy.downloadermiddlewares.redirect.RedirectMiddleware',
 'scrapy.downloadermiddlewares.cookies.CookiesMiddleware',
 'scrapy.downloadermiddlewares.httpproxy.HttpProxyMiddleware',
 'scrapy.downloadermiddlewares.stats.DownloaderStats']
2025-03-02 16:39:58 [scrapy.middleware] INFO: Enabled spider middlewares:
['scrapy.spidermiddlewares.httperror.HttpErrorMiddleware',
 'scrapy.spidermiddlewares.referer.RefererMiddleware',
 'scrapy.spidermiddlewares.urllength.UrlLengthMiddleware',
 'scrapy.spidermiddlewares.depth.DepthMiddleware']
2025-03-02 16:39:58 [scrapy.middleware] INFO: Enabled item pipelines:
['scrapy_redis.pipelines.RedisPipeline']
2025-03-02 16:39:58 [scrapy.core.engine] INFO: Spider opened
2025-03-02 16:39:58 [scrapy.extensions.logstats] INFO: Crawled 0 pages (at 0 pages/min), scraped 0 items (at 0 items/min)
2025-03-02 16:39:58 [scrapy.extensions.telnet] INFO: Telnet console listening on 127.0.0.1:6023
2025-03-02 16:40:58 [scrapy.crawler] INFO: Received SIGINT, shutting down gracefully. Send again to force 
2025-03-02 16:40:58 [scrapy.core.engine] INFO: Closing spider (shutdown)
2025-03-02 16:40:58 [scrapy.extensions.feedexport] INFO: Stored json feed (0 items) in: attractions_01.json
2025-03-02 16:40:58 [scrapy.statscollectors] INFO: Dumping Scrapy stats:
{'elapsed_time_seconds': 59.999011,
 'feedexport/success_count/FileFeedStorage': 1,
 'finish_reason': 'shutdown',
 'finish_time': datetime.datetime(2025, 3, 2, 8, 40, 58, 859195, tzinfo=datetime.timezone.utc),
 'items_per_minute': None,
 'log_count/DEBUG': 5,
 'log_count/INFO': 12,
 'log_count/WARNING': 1,
 'responses_per_minute': None,
 'start_time': datetime.datetime(2025, 3, 2, 8, 39, 58, 860184, tzinfo=datetime.timezone.utc)}
2025-03-02 16:40:58 [scrapy.core.engine] INFO: Spider closed (shutdown)
